<?xml version="1.0" encoding="UTF-8"?>
<!-- Generated by org.testng.reporters.JUnitXMLReporter -->
<testsuite hostname="Batman" ignored="0" name="appTest" tests="1" failures="1" timestamp="2023-02-26T11:03:46 GMT" time="0.042" errors="0">
  <testcase name="validUserShouldBeAbleToLogin" time="0.0" classname="test.LoginTest">
    <failure type="org.testng.TestNGException" message="
Parameter &amp;apos;Password&amp;apos; is required by @Test on method validUserShouldBeAbleToLogin but has not been marked @Optional or defined
in C:\Users\tahsi\selenium_workspace\PracticingXml\src\main\java\testData\smoke.xml">
      <![CDATA[org.testng.TestNGException: 
Parameter 'Password' is required by @Test on method validUserShouldBeAbleToLogin but has not been marked @Optional or defined
in C:\Users\tahsi\selenium_workspace\PracticingXml\src\main\java\testData\smoke.xml
at java.util.ArrayList.forEach(ArrayList.java:1257)
... Removed 26 stack frames]]>
    </failure>
  </testcase> <!-- validUserShouldBeAbleToLogin -->
</testsuite> <!-- appTest -->
